{"E:\\Super Fund\\enterprise_rag\\frontend_spa\\src\\api\\auth.ts": {"path":"E:\\Super Fund\\enterprise_rag\\frontend_spa\\src\\api\\auth.ts","statementMap":{"0":{"start":{"line":5,"column":19},"end":{"line":8,"column":null}},"1":{"start":{"line":9,"column":2},"end":{"line":9,"column":null}},"2":{"start":{"line":13,"column":19},"end":{"line":13,"column":null}},"3":{"start":{"line":14,"column":2},"end":{"line":14,"column":null}}},"fnMap":{"0":{"name":"login","decl":{"start":{"line":4,"column":22},"end":{"line":4,"column":28}},"loc":{"start":{"line":4,"column":88},"end":{"line":10,"column":null}},"line":4},"1":{"name":"getMe","decl":{"start":{"line":12,"column":22},"end":{"line":12,"column":51}},"loc":{"start":{"line":12,"column":51},"end":{"line":15,"column":null}},"line":12}},"branchMap":{},"s":{"0":2,"1":1,"2":2,"3":1},"f":{"0":2,"1":2},"b":{},"meta":{"lastBranch":0,"lastFunction":2,"lastStatement":4,"seen":{"f:4:22:4:28":0,"s:5:19:8:Infinity":0,"s:9:2:9:Infinity":1,"f:12:22:12:51":1,"s:13:19:13:Infinity":2,"s:14:2:14:Infinity":3}}}
,"E:\\Super Fund\\enterprise_rag\\frontend_spa\\src\\api\\conversation.ts": {"path":"E:\\Super Fund\\enterprise_rag\\frontend_spa\\src\\api\\conversation.ts","statementMap":{"0":{"start":{"line":13,"column":23},"end":{"line":13,"column":null}},"1":{"start":{"line":14,"column":2},"end":{"line":14,"column":null}},"2":{"start":{"line":14,"column":33},"end":{"line":14,"column":null}},"3":{"start":{"line":15,"column":2},"end":{"line":15,"column":null}},"4":{"start":{"line":15,"column":21},"end":{"line":15,"column":null}},"5":{"start":{"line":16,"column":2},"end":{"line":16,"column":null}},"6":{"start":{"line":16,"column":22},"end":{"line":16,"column":null}},"7":{"start":{"line":17,"column":16},"end":{"line":17,"column":null}},"8":{"start":{"line":18,"column":19},"end":{"line":20,"column":null}},"9":{"start":{"line":21,"column":2},"end":{"line":21,"column":null}},"10":{"start":{"line":25,"column":19},"end":{"line":25,"column":null}},"11":{"start":{"line":26,"column":2},"end":{"line":26,"column":null}},"12":{"start":{"line":30,"column":2},"end":{"line":30,"column":null}},"13":{"start":{"line":34,"column":19},"end":{"line":37,"column":null}},"14":{"start":{"line":38,"column":2},"end":{"line":38,"column":null}},"15":{"start":{"line":42,"column":19},"end":{"line":44,"column":null}},"16":{"start":{"line":45,"column":2},"end":{"line":45,"column":null}},"17":{"start":{"line":52,"column":8},"end":{"line":52,"column":null}},"18":{"start":{"line":53,"column":14},"end":{"line":56,"column":null}},"19":{"start":{"line":57,"column":2},"end":{"line":60,"column":null}},"20":{"start":{"line":58,"column":4},"end":{"line":58,"column":null}},"21":{"start":{"line":59,"column":4},"end":{"line":59,"column":null}},"22":{"start":{"line":61,"column":2},"end":{"line":64,"column":null}},"23":{"start":{"line":62,"column":17},"end":{"line":62,"column":null}},"24":{"start":{"line":62,"column":46},"end":{"line":62,"column":60}},"25":{"start":{"line":63,"column":4},"end":{"line":63,"column":null}},"26":{"start":{"line":65,"column":15},"end":{"line":65,"column":null}},"27":{"start":{"line":66,"column":22},"end":{"line":66,"column":null}},"28":{"start":{"line":67,"column":17},"end":{"line":67,"column":null}},"29":{"start":{"line":68,"column":16},"end":{"line":68,"column":null}},"30":{"start":{"line":69,"column":2},"end":{"line":71,"column":null}},"31":{"start":{"line":70,"column":4},"end":{"line":70,"column":null}},"32":{"start":{"line":72,"column":2},"end":{"line":72,"column":null}}},"fnMap":{"0":{"name":"getConversations","decl":{"start":{"line":8,"column":22},"end":{"line":8,"column":39}},"loc":{"start":{"line":12,"column":28},"end":{"line":22,"column":null}},"line":12},"1":{"name":"getConversation","decl":{"start":{"line":24,"column":22},"end":{"line":24,"column":38}},"loc":{"start":{"line":24,"column":81},"end":{"line":27,"column":null}},"line":24},"2":{"name":"deleteConversation","decl":{"start":{"line":29,"column":22},"end":{"line":29,"column":41}},"loc":{"start":{"line":29,"column":68},"end":{"line":31,"column":null}},"line":29},"3":{"name":"shareConversation","decl":{"start":{"line":33,"column":22},"end":{"line":33,"column":40}},"loc":{"start":{"line":33,"column":161},"end":{"line":39,"column":null}},"line":33},"4":{"name":"getSharedConversation","decl":{"start":{"line":41,"column":22},"end":{"line":41,"column":44}},"loc":{"start":{"line":41,"column":98},"end":{"line":46,"column":null}},"line":41},"5":{"name":"exportConversationFile","decl":{"start":{"line":48,"column":22},"end":{"line":48,"column":null}},"loc":{"start":{"line":51,"column":45},"end":{"line":73,"column":null}},"line":51},"6":{"name":"(anonymous_6)","decl":{"start":{"line":62,"column":40},"end":{"line":62,"column":46}},"loc":{"start":{"line":62,"column":46},"end":{"line":62,"column":60}},"line":62}},"branchMap":{"0":{"loc":{"start":{"line":14,"column":2},"end":{"line":14,"column":null}},"type":"if","locations":[{"start":{"line":14,"column":2},"end":{"line":14,"column":null}},{"start":{},"end":{}}],"line":14},"1":{"loc":{"start":{"line":15,"column":2},"end":{"line":15,"column":null}},"type":"if","locations":[{"start":{"line":15,"column":2},"end":{"line":15,"column":null}},{"start":{},"end":{}}],"line":15},"2":{"loc":{"start":{"line":16,"column":2},"end":{"line":16,"column":null}},"type":"if","locations":[{"start":{"line":16,"column":2},"end":{"line":16,"column":null}},{"start":{},"end":{}}],"line":16},"3":{"loc":{"start":{"line":19,"column":25},"end":{"line":19,"column":49}},"type":"cond-expr","locations":[{"start":{"line":19,"column":33},"end":{"line":19,"column":47}},{"start":{"line":19,"column":47},"end":{"line":19,"column":49}}],"line":19},"4":{"loc":{"start":{"line":36,"column":4},"end":{"line":36,"column":null}},"type":"cond-expr","locations":[{"start":{"line":36,"column":20},"end":{"line":36,"column":57}},{"start":{"line":36,"column":57},"end":{"line":36,"column":null}}],"line":36},"5":{"loc":{"start":{"line":55,"column":13},"end":{"line":55,"column":null}},"type":"cond-expr","locations":[{"start":{"line":55,"column":21},"end":{"line":55,"column":60}},{"start":{"line":55,"column":60},"end":{"line":55,"column":null}}],"line":55},"6":{"loc":{"start":{"line":57,"column":2},"end":{"line":60,"column":null}},"type":"if","locations":[{"start":{"line":57,"column":2},"end":{"line":60,"column":null}},{"start":{},"end":{}}],"line":57},"7":{"loc":{"start":{"line":61,"column":2},"end":{"line":64,"column":null}},"type":"if","locations":[{"start":{"line":61,"column":2},"end":{"line":64,"column":null}},{"start":{},"end":{}}],"line":61},"8":{"loc":{"start":{"line":66,"column":22},"end":{"line":66,"column":null}},"type":"binary-expr","locations":[{"start":{"line":66,"column":22},"end":{"line":66,"column":64}},{"start":{"line":66,"column":64},"end":{"line":66,"column":null}}],"line":66},"9":{"loc":{"start":{"line":67,"column":39},"end":{"line":67,"column":76}},"type":"cond-expr","locations":[{"start":{"line":67,"column":63},"end":{"line":67,"column":70}},{"start":{"line":67,"column":70},"end":{"line":67,"column":76}}],"line":67},"10":{"loc":{"start":{"line":69,"column":2},"end":{"line":71,"column":null}},"type":"if","locations":[{"start":{"line":69,"column":2},"end":{"line":71,"column":null}},{"start":{},"end":{}}],"line":69},"11":{"loc":{"start":{"line":69,"column":6},"end":{"line":69,"column":25}},"type":"binary-expr","locations":[{"start":{"line":69,"column":6},"end":{"line":69,"column":15}},{"start":{"line":69,"column":15},"end":{"line":69,"column":25}}],"line":69}},"s":{"0":4,"1":4,"2":2,"3":4,"4":2,"5":4,"6":2,"7":4,"8":4,"9":4,"10":1,"11":1,"12":1,"13":2,"14":2,"15":1,"16":1,"17":7,"18":7,"19":7,"20":1,"21":1,"22":6,"23":1,"24":0,"25":1,"26":5,"27":5,"28":7,"29":7,"30":7,"31":4,"32":5},"f":{"0":4,"1":1,"2":1,"3":2,"4":1,"5":7,"6":0},"b":{"0":[2,2],"1":[2,2],"2":[2,2],"3":[3,1],"4":[1,1],"5":[7,0],"6":[1,6],"7":[1,5],"8":[5,1],"9":[3,2],"10":[4,3],"11":[7,4]},"meta":{"lastBranch":12,"lastFunction":7,"lastStatement":33,"seen":{"f:8:22:8:39":0,"s:13:23:13:Infinity":0,"b:14:2:14:Infinity:undefined:undefined:undefined:undefined":0,"s:14:2:14:Infinity":1,"s:14:33:14:Infinity":2,"b:15:2:15:Infinity:undefined:undefined:undefined:undefined":1,"s:15:2:15:Infinity":3,"s:15:21:15:Infinity":4,"b:16:2:16:Infinity:undefined:undefined:undefined:undefined":2,"s:16:2:16:Infinity":5,"s:16:22:16:Infinity":6,"s:17:16:17:Infinity":7,"s:18:19:20:Infinity":8,"b:19:33:19:47:19:47:19:49":3,"s:21:2:21:Infinity":9,"f:24:22:24:38":1,"s:25:19:25:Infinity":10,"s:26:2:26:Infinity":11,"f:29:22:29:41":2,"s:30:2:30:Infinity":12,"f:33:22:33:40":3,"s:34:19:37:Infinity":13,"b:36:20:36:57:36:57:36:Infinity":4,"s:38:2:38:Infinity":14,"f:41:22:41:44":4,"s:42:19:44:Infinity":15,"s:45:2:45:Infinity":16,"f:48:22:48:Infinity":5,"s:52:8:52:Infinity":17,"s:53:14:56:Infinity":18,"b:55:21:55:60:55:60:55:Infinity":5,"b:57:2:60:Infinity:undefined:undefined:undefined:undefined":6,"s:57:2:60:Infinity":19,"s:58:4:58:Infinity":20,"s:59:4:59:Infinity":21,"b:61:2:64:Infinity:undefined:undefined:undefined:undefined":7,"s:61:2:64:Infinity":22,"s:62:17:62:Infinity":23,"f:62:40:62:46":6,"s:62:46:62:60":24,"s:63:4:63:Infinity":25,"s:65:15:65:Infinity":26,"s:66:22:66:Infinity":27,"b:66:22:66:64:66:64:66:Infinity":8,"s:67:17:67:Infinity":28,"b:67:63:67:70:67:70:67:76":9,"s:68:16:68:Infinity":29,"b:69:2:71:Infinity:undefined:undefined:undefined:undefined":10,"s:69:2:71:Infinity":30,"b:69:6:69:15:69:15:69:25":11,"s:70:4:70:Infinity":31,"s:72:2:72:Infinity":32}}}
,"E:\\Super Fund\\enterprise_rag\\frontend_spa\\src\\api\\dashboard.ts": {"path":"E:\\Super Fund\\enterprise_rag\\frontend_spa\\src\\api\\dashboard.ts","statementMap":{"0":{"start":{"line":21,"column":23},"end":{"line":21,"column":null}},"1":{"start":{"line":22,"column":2},"end":{"line":23,"column":null}},"2":{"start":{"line":23,"column":4},"end":{"line":23,"column":null}},"3":{"start":{"line":24,"column":2},"end":{"line":24,"column":null}},"4":{"start":{"line":24,"column":25},"end":{"line":24,"column":null}},"5":{"start":{"line":25,"column":2},"end":{"line":25,"column":null}},"6":{"start":{"line":25,"column":23},"end":{"line":25,"column":null}},"7":{"start":{"line":26,"column":16},"end":{"line":26,"column":null}},"8":{"start":{"line":27,"column":19},"end":{"line":29,"column":null}},"9":{"start":{"line":30,"column":2},"end":{"line":30,"column":null}},"10":{"start":{"line":37,"column":23},"end":{"line":37,"column":null}},"11":{"start":{"line":38,"column":2},"end":{"line":39,"column":null}},"12":{"start":{"line":39,"column":4},"end":{"line":39,"column":null}},"13":{"start":{"line":40,"column":2},"end":{"line":40,"column":null}},"14":{"start":{"line":40,"column":20},"end":{"line":40,"column":null}},"15":{"start":{"line":41,"column":16},"end":{"line":41,"column":null}},"16":{"start":{"line":42,"column":19},"end":{"line":44,"column":null}},"17":{"start":{"line":45,"column":2},"end":{"line":45,"column":null}},"18":{"start":{"line":52,"column":23},"end":{"line":52,"column":null}},"19":{"start":{"line":53,"column":2},"end":{"line":53,"column":null}},"20":{"start":{"line":53,"column":25},"end":{"line":53,"column":null}},"21":{"start":{"line":54,"column":2},"end":{"line":54,"column":null}},"22":{"start":{"line":54,"column":23},"end":{"line":54,"column":null}},"23":{"start":{"line":55,"column":16},"end":{"line":55,"column":null}},"24":{"start":{"line":56,"column":19},"end":{"line":58,"column":null}},"25":{"start":{"line":59,"column":2},"end":{"line":59,"column":null}},"26":{"start":{"line":71,"column":23},"end":{"line":71,"column":null}},"27":{"start":{"line":72,"column":2},"end":{"line":73,"column":null}},"28":{"start":{"line":73,"column":4},"end":{"line":73,"column":null}},"29":{"start":{"line":74,"column":2},"end":{"line":75,"column":null}},"30":{"start":{"line":75,"column":4},"end":{"line":75,"column":null}},"31":{"start":{"line":76,"column":2},"end":{"line":77,"column":null}},"32":{"start":{"line":77,"column":4},"end":{"line":77,"column":null}},"33":{"start":{"line":78,"column":2},"end":{"line":78,"column":null}},"34":{"start":{"line":78,"column":21},"end":{"line":78,"column":null}},"35":{"start":{"line":79,"column":2},"end":{"line":79,"column":null}},"36":{"start":{"line":79,"column":22},"end":{"line":79,"column":null}},"37":{"start":{"line":80,"column":16},"end":{"line":80,"column":null}},"38":{"start":{"line":81,"column":19},"end":{"line":83,"column":null}},"39":{"start":{"line":84,"column":2},"end":{"line":84,"column":null}},"40":{"start":{"line":90,"column":19},"end":{"line":92,"column":null}},"41":{"start":{"line":93,"column":2},"end":{"line":93,"column":null}},"42":{"start":{"line":101,"column":19},"end":{"line":104,"column":null}},"43":{"start":{"line":105,"column":2},"end":{"line":105,"column":null}},"44":{"start":{"line":112,"column":19},"end":{"line":115,"column":null}},"45":{"start":{"line":116,"column":2},"end":{"line":116,"column":null}},"46":{"start":{"line":126,"column":23},"end":{"line":126,"column":null}},"47":{"start":{"line":127,"column":2},"end":{"line":128,"column":null}},"48":{"start":{"line":128,"column":4},"end":{"line":128,"column":null}},"49":{"start":{"line":129,"column":2},"end":{"line":129,"column":null}},"50":{"start":{"line":129,"column":21},"end":{"line":129,"column":null}},"51":{"start":{"line":130,"column":2},"end":{"line":130,"column":null}},"52":{"start":{"line":130,"column":22},"end":{"line":130,"column":null}},"53":{"start":{"line":131,"column":16},"end":{"line":131,"column":null}},"54":{"start":{"line":132,"column":19},"end":{"line":134,"column":null}},"55":{"start":{"line":135,"column":2},"end":{"line":135,"column":null}},"56":{"start":{"line":145,"column":23},"end":{"line":145,"column":null}},"57":{"start":{"line":146,"column":2},"end":{"line":146,"column":null}},"58":{"start":{"line":146,"column":20},"end":{"line":146,"column":null}},"59":{"start":{"line":147,"column":2},"end":{"line":147,"column":null}},"60":{"start":{"line":147,"column":25},"end":{"line":147,"column":null}},"61":{"start":{"line":148,"column":2},"end":{"line":148,"column":null}},"62":{"start":{"line":148,"column":23},"end":{"line":148,"column":null}},"63":{"start":{"line":149,"column":16},"end":{"line":149,"column":null}},"64":{"start":{"line":150,"column":19},"end":{"line":152,"column":null}},"65":{"start":{"line":153,"column":2},"end":{"line":153,"column":null}}},"fnMap":{"0":{"name":"getRetrievalStats","decl":{"start":{"line":16,"column":22},"end":{"line":16,"column":40}},"loc":{"start":{"line":20,"column":36},"end":{"line":31,"column":null}},"line":20},"1":{"name":"getStatsByDate","decl":{"start":{"line":33,"column":22},"end":{"line":33,"column":37}},"loc":{"start":{"line":36,"column":32},"end":{"line":46,"column":null}},"line":36},"2":{"name":"getStatsByKnowledgeBase","decl":{"start":{"line":48,"column":22},"end":{"line":48,"column":46}},"loc":{"start":{"line":51,"column":29},"end":{"line":60,"column":null}},"line":51},"3":{"name":"getRetrievalLogs","decl":{"start":{"line":64,"column":22},"end":{"line":64,"column":39}},"loc":{"start":{"line":70,"column":35},"end":{"line":85,"column":null}},"line":70},"4":{"name":"getRetrievalLogDetail","decl":{"start":{"line":87,"column":22},"end":{"line":87,"column":null}},"loc":{"start":{"line":89,"column":39},"end":{"line":94,"column":null}},"line":89},"5":{"name":"addFeedback","decl":{"start":{"line":98,"column":22},"end":{"line":98,"column":null}},"loc":{"start":{"line":100,"column":32},"end":{"line":106,"column":null}},"line":100},"6":{"name":"markFeedbackAsSample","decl":{"start":{"line":108,"column":22},"end":{"line":108,"column":null}},"loc":{"start":{"line":111,"column":31},"end":{"line":117,"column":null}},"line":111},"7":{"name":"getProblemSamples","decl":{"start":{"line":121,"column":22},"end":{"line":121,"column":40}},"loc":{"start":{"line":125,"column":36},"end":{"line":136,"column":null}},"line":125},"8":{"name":"getDashboardStats","decl":{"start":{"line":140,"column":22},"end":{"line":140,"column":40}},"loc":{"start":{"line":144,"column":36},"end":{"line":154,"column":null}},"line":144}},"branchMap":{"0":{"loc":{"start":{"line":22,"column":2},"end":{"line":23,"column":null}},"type":"if","locations":[{"start":{"line":22,"column":2},"end":{"line":23,"column":null}},{"start":{},"end":{}}],"line":22},"1":{"loc":{"start":{"line":24,"column":2},"end":{"line":24,"column":null}},"type":"if","locations":[{"start":{"line":24,"column":2},"end":{"line":24,"column":null}},{"start":{},"end":{}}],"line":24},"2":{"loc":{"start":{"line":25,"column":2},"end":{"line":25,"column":null}},"type":"if","locations":[{"start":{"line":25,"column":2},"end":{"line":25,"column":null}},{"start":{},"end":{}}],"line":25},"3":{"loc":{"start":{"line":28,"column":27},"end":{"line":28,"column":51}},"type":"cond-expr","locations":[{"start":{"line":28,"column":35},"end":{"line":28,"column":49}},{"start":{"line":28,"column":49},"end":{"line":28,"column":51}}],"line":28},"4":{"loc":{"start":{"line":38,"column":2},"end":{"line":39,"column":null}},"type":"if","locations":[{"start":{"line":38,"column":2},"end":{"line":39,"column":null}},{"start":{},"end":{}}],"line":38},"5":{"loc":{"start":{"line":40,"column":2},"end":{"line":40,"column":null}},"type":"if","locations":[{"start":{"line":40,"column":2},"end":{"line":40,"column":null}},{"start":{},"end":{}}],"line":40},"6":{"loc":{"start":{"line":43,"column":35},"end":{"line":43,"column":59}},"type":"cond-expr","locations":[{"start":{"line":43,"column":43},"end":{"line":43,"column":57}},{"start":{"line":43,"column":57},"end":{"line":43,"column":59}}],"line":43},"7":{"loc":{"start":{"line":53,"column":2},"end":{"line":53,"column":null}},"type":"if","locations":[{"start":{"line":53,"column":2},"end":{"line":53,"column":null}},{"start":{},"end":{}}],"line":53},"8":{"loc":{"start":{"line":54,"column":2},"end":{"line":54,"column":null}},"type":"if","locations":[{"start":{"line":54,"column":2},"end":{"line":54,"column":null}},{"start":{},"end":{}}],"line":54},"9":{"loc":{"start":{"line":57,"column":45},"end":{"line":57,"column":69}},"type":"cond-expr","locations":[{"start":{"line":57,"column":53},"end":{"line":57,"column":67}},{"start":{"line":57,"column":67},"end":{"line":57,"column":69}}],"line":57},"10":{"loc":{"start":{"line":72,"column":2},"end":{"line":73,"column":null}},"type":"if","locations":[{"start":{"line":72,"column":2},"end":{"line":73,"column":null}},{"start":{},"end":{}}],"line":72},"11":{"loc":{"start":{"line":74,"column":2},"end":{"line":75,"column":null}},"type":"if","locations":[{"start":{"line":74,"column":2},"end":{"line":75,"column":null}},{"start":{},"end":{}}],"line":74},"12":{"loc":{"start":{"line":76,"column":2},"end":{"line":77,"column":null}},"type":"if","locations":[{"start":{"line":76,"column":2},"end":{"line":77,"column":null}},{"start":{},"end":{}}],"line":76},"13":{"loc":{"start":{"line":78,"column":2},"end":{"line":78,"column":null}},"type":"if","locations":[{"start":{"line":78,"column":2},"end":{"line":78,"column":null}},{"start":{},"end":{}}],"line":78},"14":{"loc":{"start":{"line":79,"column":2},"end":{"line":79,"column":null}},"type":"if","locations":[{"start":{"line":79,"column":2},"end":{"line":79,"column":null}},{"start":{},"end":{}}],"line":79},"15":{"loc":{"start":{"line":82,"column":26},"end":{"line":82,"column":50}},"type":"cond-expr","locations":[{"start":{"line":82,"column":34},"end":{"line":82,"column":48}},{"start":{"line":82,"column":48},"end":{"line":82,"column":50}}],"line":82},"16":{"loc":{"start":{"line":127,"column":2},"end":{"line":128,"column":null}},"type":"if","locations":[{"start":{"line":127,"column":2},"end":{"line":128,"column":null}},{"start":{},"end":{}}],"line":127},"17":{"loc":{"start":{"line":129,"column":2},"end":{"line":129,"column":null}},"type":"if","locations":[{"start":{"line":129,"column":2},"end":{"line":129,"column":null}},{"start":{},"end":{}}],"line":129},"18":{"loc":{"start":{"line":130,"column":2},"end":{"line":130,"column":null}},"type":"if","locations":[{"start":{"line":130,"column":2},"end":{"line":130,"column":null}},{"start":{},"end":{}}],"line":130},"19":{"loc":{"start":{"line":133,"column":29},"end":{"line":133,"column":53}},"type":"cond-expr","locations":[{"start":{"line":133,"column":37},"end":{"line":133,"column":51}},{"start":{"line":133,"column":51},"end":{"line":133,"column":53}}],"line":133},"20":{"loc":{"start":{"line":146,"column":2},"end":{"line":146,"column":null}},"type":"if","locations":[{"start":{"line":146,"column":2},"end":{"line":146,"column":null}},{"start":{},"end":{}}],"line":146},"21":{"loc":{"start":{"line":147,"column":2},"end":{"line":147,"column":null}},"type":"if","locations":[{"start":{"line":147,"column":2},"end":{"line":147,"column":null}},{"start":{},"end":{}}],"line":147},"22":{"loc":{"start":{"line":148,"column":2},"end":{"line":148,"column":null}},"type":"if","locations":[{"start":{"line":148,"column":2},"end":{"line":148,"column":null}},{"start":{},"end":{}}],"line":148},"23":{"loc":{"start":{"line":151,"column":31},"end":{"line":151,"column":55}},"type":"cond-expr","locations":[{"start":{"line":151,"column":39},"end":{"line":151,"column":53}},{"start":{"line":151,"column":53},"end":{"line":151,"column":55}}],"line":151}},"s":{"0":4,"1":4,"2":2,"3":4,"4":2,"5":4,"6":2,"7":4,"8":4,"9":4,"10":3,"11":3,"12":1,"13":3,"14":1,"15":3,"16":3,"17":3,"18":2,"19":2,"20":1,"21":2,"22":1,"23":2,"24":2,"25":2,"26":5,"27":5,"28":1,"29":5,"30":1,"31":5,"32":1,"33":5,"34":1,"35":5,"36":1,"37":5,"38":5,"39":5,"40":1,"41":1,"42":1,"43":1,"44":1,"45":1,"46":3,"47":3,"48":1,"49":3,"50":1,"51":3,"52":1,"53":3,"54":3,"55":3,"56":3,"57":3,"58":1,"59":3,"60":1,"61":3,"62":1,"63":3,"64":3,"65":3},"f":{"0":4,"1":3,"2":2,"3":5,"4":1,"5":1,"6":1,"7":3,"8":3},"b":{"0":[2,2],"1":[2,2],"2":[2,2],"3":[3,1],"4":[1,2],"5":[1,2],"6":[2,1],"7":[1,1],"8":[1,1],"9":[1,1],"10":[1,4],"11":[1,4],"12":[1,4],"13":[1,4],"14":[1,4],"15":[4,1],"16":[1,2],"17":[1,2],"18":[1,2],"19":[2,1],"20":[1,2],"21":[1,2],"22":[1,2],"23":[2,1]},"meta":{"lastBranch":24,"lastFunction":9,"lastStatement":66,"seen":{"f:16:22:16:40":0,"s:21:23:21:Infinity":0,"b:22:2:23:Infinity:undefined:undefined:undefined:undefined":0,"s:22:2:23:Infinity":1,"s:23:4:23:Infinity":2,"b:24:2:24:Infinity:undefined:undefined:undefined:undefined":1,"s:24:2:24:Infinity":3,"s:24:25:24:Infinity":4,"b:25:2:25:Infinity:undefined:undefined:undefined:undefined":2,"s:25:2:25:Infinity":5,"s:25:23:25:Infinity":6,"s:26:16:26:Infinity":7,"s:27:19:29:Infinity":8,"b:28:35:28:49:28:49:28:51":3,"s:30:2:30:Infinity":9,"f:33:22:33:37":1,"s:37:23:37:Infinity":10,"b:38:2:39:Infinity:undefined:undefined:undefined:undefined":4,"s:38:2:39:Infinity":11,"s:39:4:39:Infinity":12,"b:40:2:40:Infinity:undefined:undefined:undefined:undefined":5,"s:40:2:40:Infinity":13,"s:40:20:40:Infinity":14,"s:41:16:41:Infinity":15,"s:42:19:44:Infinity":16,"b:43:43:43:57:43:57:43:59":6,"s:45:2:45:Infinity":17,"f:48:22:48:46":2,"s:52:23:52:Infinity":18,"b:53:2:53:Infinity:undefined:undefined:undefined:undefined":7,"s:53:2:53:Infinity":19,"s:53:25:53:Infinity":20,"b:54:2:54:Infinity:undefined:undefined:undefined:undefined":8,"s:54:2:54:Infinity":21,"s:54:23:54:Infinity":22,"s:55:16:55:Infinity":23,"s:56:19:58:Infinity":24,"b:57:53:57:67:57:67:57:69":9,"s:59:2:59:Infinity":25,"f:64:22:64:39":3,"s:71:23:71:Infinity":26,"b:72:2:73:Infinity:undefined:undefined:undefined:undefined":10,"s:72:2:73:Infinity":27,"s:73:4:73:Infinity":28,"b:74:2:75:Infinity:undefined:undefined:undefined:undefined":11,"s:74:2:75:Infinity":29,"s:75:4:75:Infinity":30,"b:76:2:77:Infinity:undefined:undefined:undefined:undefined":12,"s:76:2:77:Infinity":31,"s:77:4:77:Infinity":32,"b:78:2:78:Infinity:undefined:undefined:undefined:undefined":13,"s:78:2:78:Infinity":33,"s:78:21:78:Infinity":34,"b:79:2:79:Infinity:undefined:undefined:undefined:undefined":14,"s:79:2:79:Infinity":35,"s:79:22:79:Infinity":36,"s:80:16:80:Infinity":37,"s:81:19:83:Infinity":38,"b:82:34:82:48:82:48:82:50":15,"s:84:2:84:Infinity":39,"f:87:22:87:Infinity":4,"s:90:19:92:Infinity":40,"s:93:2:93:Infinity":41,"f:98:22:98:Infinity":5,"s:101:19:104:Infinity":42,"s:105:2:105:Infinity":43,"f:108:22:108:Infinity":6,"s:112:19:115:Infinity":44,"s:116:2:116:Infinity":45,"f:121:22:121:40":7,"s:126:23:126:Infinity":46,"b:127:2:128:Infinity:undefined:undefined:undefined:undefined":16,"s:127:2:128:Infinity":47,"s:128:4:128:Infinity":48,"b:129:2:129:Infinity:undefined:undefined:undefined:undefined":17,"s:129:2:129:Infinity":49,"s:129:21:129:Infinity":50,"b:130:2:130:Infinity:undefined:undefined:undefined:undefined":18,"s:130:2:130:Infinity":51,"s:130:22:130:Infinity":52,"s:131:16:131:Infinity":53,"s:132:19:134:Infinity":54,"b:133:37:133:51:133:51:133:53":19,"s:135:2:135:Infinity":55,"f:140:22:140:40":8,"s:145:23:145:Infinity":56,"b:146:2:146:Infinity:undefined:undefined:undefined:undefined":20,"s:146:2:146:Infinity":57,"s:146:20:146:Infinity":58,"b:147:2:147:Infinity:undefined:undefined:undefined:undefined":21,"s:147:2:147:Infinity":59,"s:147:25:147:Infinity":60,"b:148:2:148:Infinity:undefined:undefined:undefined:undefined":22,"s:148:2:148:Infinity":61,"s:148:23:148:Infinity":62,"s:149:16:149:Infinity":63,"s:150:19:152:Infinity":64,"b:151:39:151:53:151:53:151:55":23,"s:153:2:153:Infinity":65}}}
,"E:\\Super Fund\\enterprise_rag\\frontend_spa\\src\\api\\feedback.ts": {"path":"E:\\Super Fund\\enterprise_rag\\frontend_spa\\src\\api\\feedback.ts","statementMap":{"0":{"start":{"line":5,"column":22},"end":{"line":5,"column":null}},"1":{"start":{"line":8,"column":27},"end":{"line":8,"column":null}},"2":{"start":{"line":16,"column":18},"end":{"line":21,"column":null}},"3":{"start":{"line":22,"column":19},"end":{"line":22,"column":null}},"4":{"start":{"line":23,"column":2},"end":{"line":23,"column":null}},"5":{"start":{"line":28,"column":2},"end":{"line":45,"column":null}},"6":{"start":{"line":29,"column":21},"end":{"line":32,"column":null}},"7":{"start":{"line":33,"column":22},"end":{"line":33,"column":null}},"8":{"start":{"line":34,"column":4},"end":{"line":34,"column":null}},"9":{"start":{"line":34,"column":28},"end":{"line":34,"column":null}},"10":{"start":{"line":35,"column":15},"end":{"line":35,"column":null}},"11":{"start":{"line":36,"column":4},"end":{"line":42,"column":null}},"12":{"start":{"line":44,"column":4},"end":{"line":44,"column":null}}},"fnMap":{"0":{"name":"submitFeedback","decl":{"start":{"line":11,"column":22},"end":{"line":11,"column":null}},"loc":{"start":{"line":15,"column":29},"end":{"line":24,"column":null}},"line":15},"1":{"name":"getFeedback","decl":{"start":{"line":27,"column":22},"end":{"line":27,"column":34}},"loc":{"start":{"line":27,"column":95},"end":{"line":46,"column":null}},"line":27}},"branchMap":{"0":{"loc":{"start":{"line":18,"column":19},"end":{"line":18,"column":null}},"type":"cond-expr","locations":[{"start":{"line":18,"column":44},"end":{"line":18,"column":56}},{"start":{"line":18,"column":56},"end":{"line":18,"column":null}}],"line":18},"1":{"loc":{"start":{"line":19,"column":12},"end":{"line":19,"column":null}},"type":"cond-expr","locations":[{"start":{"line":19,"column":37},"end":{"line":19,"column":41}},{"start":{"line":19,"column":41},"end":{"line":19,"column":null}}],"line":19},"2":{"loc":{"start":{"line":20,"column":8},"end":{"line":20,"column":null}},"type":"cond-expr","locations":[{"start":{"line":20,"column":17},"end":{"line":20,"column":47}},{"start":{"line":20,"column":47},"end":{"line":20,"column":null}}],"line":20},"3":{"loc":{"start":{"line":34,"column":4},"end":{"line":34,"column":null}},"type":"if","locations":[{"start":{"line":34,"column":4},"end":{"line":34,"column":null}},{"start":{},"end":{}}],"line":34},"4":{"loc":{"start":{"line":38,"column":16},"end":{"line":38,"column":null}},"type":"cond-expr","locations":[{"start":{"line":38,"column":49},"end":{"line":38,"column":63}},{"start":{"line":38,"column":63},"end":{"line":38,"column":null}}],"line":38},"5":{"loc":{"start":{"line":39,"column":16},"end":{"line":39,"column":null}},"type":"binary-expr","locations":[{"start":{"line":39,"column":16},"end":{"line":39,"column":30}},{"start":{"line":39,"column":30},"end":{"line":39,"column":null}}],"line":39}},"s":{"0":1,"1":1,"2":3,"3":3,"4":3,"5":6,"6":6,"7":5,"8":6,"9":2,"10":3,"11":3,"12":1},"f":{"0":3,"1":6},"b":{"0":[2,1],"1":[2,1],"2":[2,1],"3":[2,4],"4":[2,1],"5":[6,1]},"meta":{"lastBranch":6,"lastFunction":2,"lastStatement":13,"seen":{"s:5:22:5:Infinity":0,"s:8:27:8:Infinity":1,"f:11:22:11:Infinity":0,"s:16:18:21:Infinity":2,"b:18:44:18:56:18:56:18:Infinity":0,"b:19:37:19:41:19:41:19:Infinity":1,"b:20:17:20:47:20:47:20:Infinity":2,"s:22:19:22:Infinity":3,"s:23:2:23:Infinity":4,"f:27:22:27:34":1,"s:28:2:45:Infinity":5,"s:29:21:32:Infinity":6,"s:33:22:33:Infinity":7,"b:34:4:34:Infinity:undefined:undefined:undefined:undefined":3,"s:34:4:34:Infinity":8,"s:34:28:34:Infinity":9,"s:35:15:35:Infinity":10,"s:36:4:42:Infinity":11,"b:38:49:38:63:38:63:38:Infinity":4,"b:39:16:39:30:39:30:39:Infinity":5,"s:44:4:44:Infinity":12}}}
,"E:\\Super Fund\\enterprise_rag\\frontend_spa\\src\\api\\knowledge-base.ts": {"path":"E:\\Super Fund\\enterprise_rag\\frontend_spa\\src\\api\\knowledge-base.ts","statementMap":{"0":{"start":{"line":21,"column":19},"end":{"line":21,"column":null}},"1":{"start":{"line":22,"column":2},"end":{"line":22,"column":null}},"2":{"start":{"line":28,"column":19},"end":{"line":28,"column":null}},"3":{"start":{"line":29,"column":2},"end":{"line":29,"column":null}},"4":{"start":{"line":33,"column":19},"end":{"line":33,"column":null}},"5":{"start":{"line":34,"column":2},"end":{"line":34,"column":null}},"6":{"start":{"line":41,"column":19},"end":{"line":41,"column":null}},"7":{"start":{"line":42,"column":2},"end":{"line":42,"column":null}},"8":{"start":{"line":46,"column":2},"end":{"line":46,"column":null}},"9":{"start":{"line":52,"column":19},"end":{"line":54,"column":null}},"10":{"start":{"line":55,"column":2},"end":{"line":55,"column":null}},"11":{"start":{"line":62,"column":8},"end":{"line":62,"column":null}},"12":{"start":{"line":63,"column":19},"end":{"line":63,"column":null}},"13":{"start":{"line":64,"column":2},"end":{"line":64,"column":null}},"14":{"start":{"line":66,"column":14},"end":{"line":70,"column":null}},"15":{"start":{"line":72,"column":2},"end":{"line":75,"column":null}},"16":{"start":{"line":73,"column":4},"end":{"line":73,"column":null}},"17":{"start":{"line":74,"column":4},"end":{"line":74,"column":null}},"18":{"start":{"line":76,"column":2},"end":{"line":79,"column":null}},"19":{"start":{"line":77,"column":17},"end":{"line":77,"column":null}},"20":{"start":{"line":77,"column":46},"end":{"line":77,"column":60}},"21":{"start":{"line":78,"column":4},"end":{"line":78,"column":null}},"22":{"start":{"line":80,"column":2},"end":{"line":80,"column":null}},"23":{"start":{"line":84,"column":19},"end":{"line":87,"column":null}},"24":{"start":{"line":88,"column":15},"end":{"line":88,"column":null}},"25":{"start":{"line":89,"column":2},"end":{"line":91,"column":null}},"26":{"start":{"line":90,"column":4},"end":{"line":90,"column":null}},"27":{"start":{"line":92,"column":2},"end":{"line":92,"column":null}},"28":{"start":{"line":96,"column":19},"end":{"line":96,"column":null}},"29":{"start":{"line":97,"column":2},"end":{"line":97,"column":null}},"30":{"start":{"line":104,"column":19},"end":{"line":106,"column":null}},"31":{"start":{"line":107,"column":2},"end":{"line":107,"column":null}},"32":{"start":{"line":115,"column":19},"end":{"line":118,"column":null}},"33":{"start":{"line":119,"column":2},"end":{"line":119,"column":null}},"34":{"start":{"line":123,"column":2},"end":{"line":123,"column":null}},"35":{"start":{"line":127,"column":19},"end":{"line":129,"column":null}},"36":{"start":{"line":130,"column":2},"end":{"line":130,"column":null}},"37":{"start":{"line":134,"column":19},"end":{"line":136,"column":null}},"38":{"start":{"line":137,"column":2},"end":{"line":137,"column":null}},"39":{"start":{"line":143,"column":19},"end":{"line":145,"column":null}},"40":{"start":{"line":146,"column":2},"end":{"line":146,"column":null}},"41":{"start":{"line":152,"column":8},"end":{"line":152,"column":null}},"42":{"start":{"line":153,"column":14},"end":{"line":156,"column":null}},"43":{"start":{"line":157,"column":2},"end":{"line":160,"column":null}},"44":{"start":{"line":158,"column":4},"end":{"line":158,"column":null}},"45":{"start":{"line":159,"column":4},"end":{"line":159,"column":null}},"46":{"start":{"line":161,"column":2},"end":{"line":164,"column":null}},"47":{"start":{"line":162,"column":17},"end":{"line":162,"column":null}},"48":{"start":{"line":162,"column":46},"end":{"line":162,"column":60}},"49":{"start":{"line":163,"column":4},"end":{"line":163,"column":null}},"50":{"start":{"line":165,"column":15},"end":{"line":165,"column":null}},"51":{"start":{"line":166,"column":22},"end":{"line":166,"column":null}},"52":{"start":{"line":167,"column":17},"end":{"line":167,"column":null}},"53":{"start":{"line":168,"column":16},"end":{"line":168,"column":null}},"54":{"start":{"line":169,"column":2},"end":{"line":171,"column":null}},"55":{"start":{"line":170,"column":4},"end":{"line":170,"column":null}},"56":{"start":{"line":172,"column":2},"end":{"line":172,"column":null}},"57":{"start":{"line":176,"column":19},"end":{"line":176,"column":null}},"58":{"start":{"line":177,"column":2},"end":{"line":177,"column":null}},"59":{"start":{"line":181,"column":19},"end":{"line":183,"column":null}},"60":{"start":{"line":184,"column":2},"end":{"line":184,"column":null}},"61":{"start":{"line":192,"column":19},"end":{"line":194,"column":null}},"62":{"start":{"line":195,"column":2},"end":{"line":195,"column":null}},"63":{"start":{"line":207,"column":19},"end":{"line":210,"column":null}},"64":{"start":{"line":211,"column":2},"end":{"line":211,"column":null}},"65":{"start":{"line":217,"column":19},"end":{"line":219,"column":null}},"66":{"start":{"line":220,"column":2},"end":{"line":220,"column":null}},"67":{"start":{"line":224,"column":19},"end":{"line":226,"column":null}},"68":{"start":{"line":227,"column":2},"end":{"line":227,"column":null}},"69":{"start":{"line":234,"column":19},"end":{"line":236,"column":null}},"70":{"start":{"line":237,"column":2},"end":{"line":237,"column":null}}},"fnMap":{"0":{"name":"getKnowledgeBases","decl":{"start":{"line":20,"column":22},"end":{"line":20,"column":75}},"loc":{"start":{"line":20,"column":75},"end":{"line":23,"column":null}},"line":20},"1":{"name":"createKnowledgeBase","decl":{"start":{"line":25,"column":22},"end":{"line":25,"column":null}},"loc":{"start":{"line":27,"column":34},"end":{"line":30,"column":null}},"line":27},"2":{"name":"getKnowledgeBase","decl":{"start":{"line":32,"column":22},"end":{"line":32,"column":39}},"loc":{"start":{"line":32,"column":83},"end":{"line":35,"column":null}},"line":32},"3":{"name":"updateKnowledgeBase","decl":{"start":{"line":37,"column":22},"end":{"line":37,"column":null}},"loc":{"start":{"line":40,"column":34},"end":{"line":43,"column":null}},"line":40},"4":{"name":"deleteKnowledgeBase","decl":{"start":{"line":45,"column":22},"end":{"line":45,"column":42}},"loc":{"start":{"line":45,"column":69},"end":{"line":47,"column":null}},"line":45},"5":{"name":"getDocuments","decl":{"start":{"line":51,"column":22},"end":{"line":51,"column":35}},"loc":{"start":{"line":51,"column":77},"end":{"line":56,"column":null}},"line":51},"6":{"name":"uploadDocument","decl":{"start":{"line":58,"column":22},"end":{"line":58,"column":null}},"loc":{"start":{"line":61,"column":29},"end":{"line":81,"column":null}},"line":61},"7":{"name":"(anonymous_7)","decl":{"start":{"line":77,"column":40},"end":{"line":77,"column":46}},"loc":{"start":{"line":77,"column":46},"end":{"line":77,"column":60}},"line":77},"8":{"name":"importUrl","decl":{"start":{"line":83,"column":22},"end":{"line":83,"column":32}},"loc":{"start":{"line":83,"column":86},"end":{"line":93,"column":null}},"line":83},"9":{"name":"getDocument","decl":{"start":{"line":95,"column":22},"end":{"line":95,"column":34}},"loc":{"start":{"line":95,"column":91},"end":{"line":98,"column":null}},"line":95},"10":{"name":"getDocumentContent","decl":{"start":{"line":100,"column":22},"end":{"line":100,"column":null}},"loc":{"start":{"line":103,"column":36},"end":{"line":108,"column":null}},"line":103},"11":{"name":"updateDocumentContent","decl":{"start":{"line":110,"column":22},"end":{"line":110,"column":null}},"loc":{"start":{"line":114,"column":29},"end":{"line":120,"column":null}},"line":114},"12":{"name":"deleteDocument","decl":{"start":{"line":122,"column":22},"end":{"line":122,"column":37}},"loc":{"start":{"line":122,"column":82},"end":{"line":124,"column":null}},"line":122},"13":{"name":"reparseDocument","decl":{"start":{"line":126,"column":22},"end":{"line":126,"column":38}},"loc":{"start":{"line":126,"column":95},"end":{"line":131,"column":null}},"line":126},"14":{"name":"rechunkDocument","decl":{"start":{"line":133,"column":22},"end":{"line":133,"column":38}},"loc":{"start":{"line":133,"column":95},"end":{"line":138,"column":null}},"line":133},"15":{"name":"getDocumentPreview","decl":{"start":{"line":140,"column":22},"end":{"line":140,"column":null}},"loc":{"start":{"line":142,"column":36},"end":{"line":147,"column":null}},"line":142},"16":{"name":"downloadDocumentFile","decl":{"start":{"line":149,"column":22},"end":{"line":149,"column":null}},"loc":{"start":{"line":151,"column":45},"end":{"line":173,"column":null}},"line":151},"17":{"name":"(anonymous_17)","decl":{"start":{"line":162,"column":40},"end":{"line":162,"column":46}},"loc":{"start":{"line":162,"column":46},"end":{"line":162,"column":60}},"line":162},"18":{"name":"getDocumentVersions","decl":{"start":{"line":175,"column":22},"end":{"line":175,"column":42}},"loc":{"start":{"line":175,"column":85},"end":{"line":178,"column":null}},"line":175},"19":{"name":"activateDocumentVersion","decl":{"start":{"line":180,"column":22},"end":{"line":180,"column":46}},"loc":{"start":{"line":180,"column":88},"end":{"line":185,"column":null}},"line":180},"20":{"name":"getFolderSyncConfig","decl":{"start":{"line":189,"column":22},"end":{"line":189,"column":null}},"loc":{"start":{"line":191,"column":37},"end":{"line":196,"column":null}},"line":191},"21":{"name":"updateFolderSyncConfig","decl":{"start":{"line":198,"column":22},"end":{"line":198,"column":null}},"loc":{"start":{"line":206,"column":37},"end":{"line":212,"column":null}},"line":206},"22":{"name":"deleteFolderSyncConfig","decl":{"start":{"line":214,"column":22},"end":{"line":214,"column":null}},"loc":{"start":{"line":216,"column":37},"end":{"line":221,"column":null}},"line":216},"23":{"name":"syncFolderNow","decl":{"start":{"line":223,"column":22},"end":{"line":223,"column":36}},"loc":{"start":{"line":223,"column":76},"end":{"line":228,"column":null}},"line":223},"24":{"name":"getFolderSyncLogs","decl":{"start":{"line":230,"column":22},"end":{"line":230,"column":null}},"loc":{"start":{"line":233,"column":35},"end":{"line":238,"column":null}},"line":233}},"branchMap":{"0":{"loc":{"start":{"line":68,"column":13},"end":{"line":68,"column":null}},"type":"cond-expr","locations":[{"start":{"line":68,"column":21},"end":{"line":68,"column":60}},{"start":{"line":68,"column":60},"end":{"line":68,"column":null}}],"line":68},"1":{"loc":{"start":{"line":72,"column":2},"end":{"line":75,"column":null}},"type":"if","locations":[{"start":{"line":72,"column":2},"end":{"line":75,"column":null}},{"start":{},"end":{}}],"line":72},"2":{"loc":{"start":{"line":76,"column":2},"end":{"line":79,"column":null}},"type":"if","locations":[{"start":{"line":76,"column":2},"end":{"line":79,"column":null}},{"start":{},"end":{}}],"line":76},"3":{"loc":{"start":{"line":89,"column":2},"end":{"line":91,"column":null}},"type":"if","locations":[{"start":{"line":89,"column":2},"end":{"line":91,"column":null}},{"start":{},"end":{}}],"line":89},"4":{"loc":{"start":{"line":89,"column":6},"end":{"line":89,"column":52}},"type":"binary-expr","locations":[{"start":{"line":89,"column":6},"end":{"line":89,"column":26}},{"start":{"line":89,"column":26},"end":{"line":89,"column":52}}],"line":89},"5":{"loc":{"start":{"line":90,"column":20},"end":{"line":90,"column":57}},"type":"binary-expr","locations":[{"start":{"line":90,"column":20},"end":{"line":90,"column":35}},{"start":{"line":90,"column":35},"end":{"line":90,"column":51}},{"start":{"line":90,"column":51},"end":{"line":90,"column":57}}],"line":90},"6":{"loc":{"start":{"line":155,"column":13},"end":{"line":155,"column":null}},"type":"cond-expr","locations":[{"start":{"line":155,"column":21},"end":{"line":155,"column":60}},{"start":{"line":155,"column":60},"end":{"line":155,"column":null}}],"line":155},"7":{"loc":{"start":{"line":157,"column":2},"end":{"line":160,"column":null}},"type":"if","locations":[{"start":{"line":157,"column":2},"end":{"line":160,"column":null}},{"start":{},"end":{}}],"line":157},"8":{"loc":{"start":{"line":161,"column":2},"end":{"line":164,"column":null}},"type":"if","locations":[{"start":{"line":161,"column":2},"end":{"line":164,"column":null}},{"start":{},"end":{}}],"line":161},"9":{"loc":{"start":{"line":166,"column":22},"end":{"line":166,"column":null}},"type":"binary-expr","locations":[{"start":{"line":166,"column":22},"end":{"line":166,"column":64}},{"start":{"line":166,"column":64},"end":{"line":166,"column":null}}],"line":166},"10":{"loc":{"start":{"line":169,"column":2},"end":{"line":171,"column":null}},"type":"if","locations":[{"start":{"line":169,"column":2},"end":{"line":171,"column":null}},{"start":{},"end":{}}],"line":169},"11":{"loc":{"start":{"line":169,"column":6},"end":{"line":169,"column":25}},"type":"binary-expr","locations":[{"start":{"line":169,"column":6},"end":{"line":169,"column":15}},{"start":{"line":169,"column":15},"end":{"line":169,"column":25}}],"line":169},"12":{"loc":{"start":{"line":232,"column":2},"end":{"line":232,"column":null}},"type":"default-arg","locations":[{"start":{"line":232,"column":18},"end":{"line":232,"column":null}}],"line":232}},"s":{"0":1,"1":1,"2":1,"3":1,"4":1,"5":1,"6":1,"7":1,"8":1,"9":1,"10":1,"11":3,"12":3,"13":3,"14":3,"15":3,"16":1,"17":1,"18":2,"19":1,"20":0,"21":1,"22":1,"23":3,"24":3,"25":3,"26":2,"27":1,"28":1,"29":1,"30":1,"31":1,"32":1,"33":1,"34":1,"35":1,"36":1,"37":1,"38":1,"39":1,"40":1,"41":3,"42":3,"43":3,"44":1,"45":1,"46":2,"47":0,"48":0,"49":0,"50":2,"51":2,"52":3,"53":3,"54":3,"55":1,"56":2,"57":1,"58":1,"59":1,"60":1,"61":1,"62":1,"63":1,"64":1,"65":1,"66":1,"67":1,"68":1,"69":2,"70":2},"f":{"0":1,"1":1,"2":1,"3":1,"4":1,"5":1,"6":3,"7":0,"8":3,"9":1,"10":1,"11":1,"12":1,"13":1,"14":1,"15":1,"16":3,"17":0,"18":1,"19":1,"20":1,"21":1,"22":1,"23":1,"24":2},"b":{"0":[3,0],"1":[1,2],"2":[1,1],"3":[2,1],"4":[3,3],"5":[2,1,0],"6":[3,0],"7":[1,2],"8":[0,2],"9":[2,1],"10":[1,2],"11":[3,1],"12":[2]},"meta":{"lastBranch":13,"lastFunction":25,"lastStatement":71,"seen":{"f:20:22:20:75":0,"s:21:19:21:Infinity":0,"s:22:2:22:Infinity":1,"f:25:22:25:Infinity":1,"s:28:19:28:Infinity":2,"s:29:2:29:Infinity":3,"f:32:22:32:39":2,"s:33:19:33:Infinity":4,"s:34:2:34:Infinity":5,"f:37:22:37:Infinity":3,"s:41:19:41:Infinity":6,"s:42:2:42:Infinity":7,"f:45:22:45:42":4,"s:46:2:46:Infinity":8,"f:51:22:51:35":5,"s:52:19:54:Infinity":9,"s:55:2:55:Infinity":10,"f:58:22:58:Infinity":6,"s:62:8:62:Infinity":11,"s:63:19:63:Infinity":12,"s:64:2:64:Infinity":13,"s:66:14:70:Infinity":14,"b:68:21:68:60:68:60:68:Infinity":0,"b:72:2:75:Infinity:undefined:undefined:undefined:undefined":1,"s:72:2:75:Infinity":15,"s:73:4:73:Infinity":16,"s:74:4:74:Infinity":17,"b:76:2:79:Infinity:undefined:undefined:undefined:undefined":2,"s:76:2:79:Infinity":18,"s:77:17:77:Infinity":19,"f:77:40:77:46":7,"s:77:46:77:60":20,"s:78:4:78:Infinity":21,"s:80:2:80:Infinity":22,"f:83:22:83:32":8,"s:84:19:87:Infinity":23,"s:88:15:88:Infinity":24,"b:89:2:91:Infinity:undefined:undefined:undefined:undefined":3,"s:89:2:91:Infinity":25,"b:89:6:89:26:89:26:89:52":4,"s:90:4:90:Infinity":26,"b:90:20:90:35:90:35:90:51:90:51:90:57":5,"s:92:2:92:Infinity":27,"f:95:22:95:34":9,"s:96:19:96:Infinity":28,"s:97:2:97:Infinity":29,"f:100:22:100:Infinity":10,"s:104:19:106:Infinity":30,"s:107:2:107:Infinity":31,"f:110:22:110:Infinity":11,"s:115:19:118:Infinity":32,"s:119:2:119:Infinity":33,"f:122:22:122:37":12,"s:123:2:123:Infinity":34,"f:126:22:126:38":13,"s:127:19:129:Infinity":35,"s:130:2:130:Infinity":36,"f:133:22:133:38":14,"s:134:19:136:Infinity":37,"s:137:2:137:Infinity":38,"f:140:22:140:Infinity":15,"s:143:19:145:Infinity":39,"s:146:2:146:Infinity":40,"f:149:22:149:Infinity":16,"s:152:8:152:Infinity":41,"s:153:14:156:Infinity":42,"b:155:21:155:60:155:60:155:Infinity":6,"b:157:2:160:Infinity:undefined:undefined:undefined:undefined":7,"s:157:2:160:Infinity":43,"s:158:4:158:Infinity":44,"s:159:4:159:Infinity":45,"b:161:2:164:Infinity:undefined:undefined:undefined:undefined":8,"s:161:2:164:Infinity":46,"s:162:17:162:Infinity":47,"f:162:40:162:46":17,"s:162:46:162:60":48,"s:163:4:163:Infinity":49,"s:165:15:165:Infinity":50,"s:166:22:166:Infinity":51,"b:166:22:166:64:166:64:166:Infinity":9,"s:167:17:167:Infinity":52,"s:168:16:168:Infinity":53,"b:169:2:171:Infinity:undefined:undefined:undefined:undefined":10,"s:169:2:171:Infinity":54,"b:169:6:169:15:169:15:169:25":11,"s:170:4:170:Infinity":55,"s:172:2:172:Infinity":56,"f:175:22:175:42":18,"s:176:19:176:Infinity":57,"s:177:2:177:Infinity":58,"f:180:22:180:46":19,"s:181:19:183:Infinity":59,"s:184:2:184:Infinity":60,"f:189:22:189:Infinity":20,"s:192:19:194:Infinity":61,"s:195:2:195:Infinity":62,"f:198:22:198:Infinity":21,"s:207:19:210:Infinity":63,"s:211:2:211:Infinity":64,"f:214:22:214:Infinity":22,"s:217:19:219:Infinity":65,"s:220:2:220:Infinity":66,"f:223:22:223:36":23,"s:224:19:226:Infinity":67,"s:227:2:227:Infinity":68,"f:230:22:230:Infinity":24,"b:232:18:232:Infinity":12,"s:234:19:236:Infinity":69,"s:237:2:237:Infinity":70}}}
,"E:\\Super Fund\\enterprise_rag\\frontend_spa\\src\\api\\qa.ts": {"path":"E:\\Super Fund\\enterprise_rag\\frontend_spa\\src\\api\\qa.ts","statementMap":{"0":{"start":{"line":14,"column":14},"end":{"line":18,"column":null}},"1":{"start":{"line":19,"column":2},"end":{"line":19,"column":null}},"2":{"start":{"line":19,"column":15},"end":{"line":19,"column":null}},"3":{"start":{"line":20,"column":2},"end":{"line":20,"column":null}},"4":{"start":{"line":24,"column":14},"end":{"line":28,"column":null}},"5":{"start":{"line":29,"column":2},"end":{"line":29,"column":null}},"6":{"start":{"line":29,"column":15},"end":{"line":29,"column":null}},"7":{"start":{"line":30,"column":2},"end":{"line":30,"column":null}},"8":{"start":{"line":52,"column":8},"end":{"line":52,"column":null}},"9":{"start":{"line":53,"column":40},"end":{"line":56,"column":null}},"10":{"start":{"line":58,"column":2},"end":{"line":58,"column":null}},"11":{"start":{"line":58,"column":25},"end":{"line":58,"column":null}},"12":{"start":{"line":59,"column":2},"end":{"line":59,"column":null}},"13":{"start":{"line":59,"column":31},"end":{"line":59,"column":null}},"14":{"start":{"line":60,"column":2},"end":{"line":60,"column":null}},"15":{"start":{"line":60,"column":21},"end":{"line":60,"column":null}},"16":{"start":{"line":61,"column":2},"end":{"line":61,"column":null}},"17":{"start":{"line":61,"column":36},"end":{"line":61,"column":null}},"18":{"start":{"line":62,"column":2},"end":{"line":62,"column":null}},"19":{"start":{"line":62,"column":35},"end":{"line":62,"column":null}},"20":{"start":{"line":63,"column":2},"end":{"line":63,"column":null}},"21":{"start":{"line":63,"column":37},"end":{"line":63,"column":null}},"22":{"start":{"line":64,"column":2},"end":{"line":64,"column":null}},"23":{"start":{"line":64,"column":34},"end":{"line":64,"column":null}},"24":{"start":{"line":66,"column":2},"end":{"line":66,"column":null}},"25":{"start":{"line":66,"column":30},"end":{"line":66,"column":null}},"26":{"start":{"line":68,"column":21},"end":{"line":68,"column":null}},"27":{"start":{"line":70,"column":2},"end":{"line":139,"column":null}},"28":{"start":{"line":80,"column":6},"end":{"line":84,"column":null}},"29":{"start":{"line":81,"column":21},"end":{"line":81,"column":null}},"30":{"start":{"line":81,"column":50},"end":{"line":81,"column":64}},"31":{"start":{"line":82,"column":8},"end":{"line":82,"column":null}},"32":{"start":{"line":83,"column":8},"end":{"line":83,"column":null}},"33":{"start":{"line":85,"column":21},"end":{"line":85,"column":null}},"34":{"start":{"line":86,"column":6},"end":{"line":89,"column":null}},"35":{"start":{"line":87,"column":8},"end":{"line":87,"column":null}},"36":{"start":{"line":88,"column":8},"end":{"line":88,"column":null}},"37":{"start":{"line":90,"column":18},"end":{"line":90,"column":null}},"38":{"start":{"line":91,"column":16},"end":{"line":91,"column":null}},"39":{"start":{"line":92,"column":6},"end":{"line":133,"column":null}},"40":{"start":{"line":93,"column":32},"end":{"line":93,"column":null}},"41":{"start":{"line":94,"column":8},"end":{"line":94,"column":null}},"42":{"start":{"line":94,"column":18},"end":{"line":94,"column":null}},"43":{"start":{"line":95,"column":8},"end":{"line":95,"column":null}},"44":{"start":{"line":96,"column":22},"end":{"line":96,"column":null}},"45":{"start":{"line":97,"column":8},"end":{"line":97,"column":null}},"46":{"start":{"line":98,"column":8},"end":{"line":132,"column":null}},"47":{"start":{"line":99,"column":10},"end":{"line":99,"column":null}},"48":{"start":{"line":99,"column":42},"end":{"line":99,"column":null}},"49":{"start":{"line":100,"column":26},"end":{"line":100,"column":null}},"50":{"start":{"line":101,"column":10},"end":{"line":104,"column":null}},"51":{"start":{"line":102,"column":12},"end":{"line":102,"column":null}},"52":{"start":{"line":103,"column":12},"end":{"line":103,"column":null}},"53":{"start":{"line":105,"column":10},"end":{"line":131,"column":null}},"54":{"start":{"line":106,"column":24},"end":{"line":106,"column":null}},"55":{"start":{"line":107,"column":12},"end":{"line":128,"column":null}},"56":{"start":{"line":109,"column":16},"end":{"line":109,"column":null}},"57":{"start":{"line":109,"column":31},"end":{"line":109,"column":null}},"58":{"start":{"line":110,"column":16},"end":{"line":110,"column":null}},"59":{"start":{"line":112,"column":16},"end":{"line":112,"column":null}},"60":{"start":{"line":112,"column":30},"end":{"line":112,"column":null}},"61":{"start":{"line":113,"column":16},"end":{"line":113,"column":null}},"62":{"start":{"line":115,"column":16},"end":{"line":115,"column":null}},"63":{"start":{"line":115,"column":50},"end":{"line":115,"column":null}},"64":{"start":{"line":116,"column":16},"end":{"line":116,"column":null}},"65":{"start":{"line":119,"column":16},"end":{"line":119,"column":null}},"66":{"start":{"line":119,"column":30},"end":{"line":119,"column":null}},"67":{"start":{"line":120,"column":16},"end":{"line":120,"column":null}},"68":{"start":{"line":123,"column":16},"end":{"line":123,"column":null}},"69":{"start":{"line":123,"column":30},"end":{"line":123,"column":null}},"70":{"start":{"line":124,"column":16},"end":{"line":124,"column":null}},"71":{"start":{"line":126,"column":16},"end":{"line":126,"column":null}},"72":{"start":{"line":127,"column":16},"end":{"line":127,"column":null}},"73":{"start":{"line":136,"column":6},"end":{"line":138,"column":null}},"74":{"start":{"line":137,"column":8},"end":{"line":137,"column":null}},"75":{"start":{"line":141,"column":2},"end":{"line":141,"column":null}},"76":{"start":{"line":141,"column":15},"end":{"line":141,"column":null}}},"fnMap":{"0":{"name":"getStrategies","decl":{"start":{"line":13,"column":22},"end":{"line":13,"column":67}},"loc":{"start":{"line":13,"column":67},"end":{"line":21,"column":null}},"line":13},"1":{"name":"getExpansionMeta","decl":{"start":{"line":23,"column":22},"end":{"line":23,"column":78}},"loc":{"start":{"line":23,"column":78},"end":{"line":31,"column":null}},"line":23},"2":{"name":"streamQa","decl":{"start":{"line":46,"column":16},"end":{"line":46,"column":null}},"loc":{"start":{"line":51,"column":14},"end":{"line":142,"column":null}},"line":51},"3":{"name":"(anonymous_3)","decl":{"start":{"line":79,"column":10},"end":{"line":79,"column":17}},"loc":{"start":{"line":79,"column":25},"end":{"line":134,"column":5}},"line":79},"4":{"name":"(anonymous_4)","decl":{"start":{"line":81,"column":44},"end":{"line":81,"column":50}},"loc":{"start":{"line":81,"column":50},"end":{"line":81,"column":64}},"line":81},"5":{"name":"(anonymous_5)","decl":{"start":{"line":135,"column":11},"end":{"line":135,"column":12}},"loc":{"start":{"line":135,"column":18},"end":{"line":139,"column":5}},"line":135},"6":{"name":"(anonymous_6)","decl":{"start":{"line":141,"column":9},"end":{"line":141,"column":15}},"loc":{"start":{"line":141,"column":15},"end":{"line":141,"column":null}},"line":141}},"branchMap":{"0":{"loc":{"start":{"line":16,"column":6},"end":{"line":16,"column":null}},"type":"cond-expr","locations":[{"start":{"line":16,"column":23},"end":{"line":16,"column":67}},{"start":{"line":16,"column":67},"end":{"line":16,"column":null}}],"line":16},"1":{"loc":{"start":{"line":19,"column":2},"end":{"line":19,"column":null}},"type":"if","locations":[{"start":{"line":19,"column":2},"end":{"line":19,"column":null}},{"start":{},"end":{}}],"line":19},"2":{"loc":{"start":{"line":26,"column":6},"end":{"line":26,"column":null}},"type":"cond-expr","locations":[{"start":{"line":26,"column":23},"end":{"line":26,"column":67}},{"start":{"line":26,"column":67},"end":{"line":26,"column":null}}],"line":26},"3":{"loc":{"start":{"line":29,"column":2},"end":{"line":29,"column":null}},"type":"if","locations":[{"start":{"line":29,"column":2},"end":{"line":29,"column":null}},{"start":{},"end":{}}],"line":29},"4":{"loc":{"start":{"line":58,"column":2},"end":{"line":58,"column":null}},"type":"if","locations":[{"start":{"line":58,"column":2},"end":{"line":58,"column":null}},{"start":{},"end":{}}],"line":58},"5":{"loc":{"start":{"line":59,"column":2},"end":{"line":59,"column":null}},"type":"if","locations":[{"start":{"line":59,"column":2},"end":{"line":59,"column":null}},{"start":{},"end":{}}],"line":59},"6":{"loc":{"start":{"line":60,"column":2},"end":{"line":60,"column":null}},"type":"if","locations":[{"start":{"line":60,"column":2},"end":{"line":60,"column":null}},{"start":{},"end":{}}],"line":60},"7":{"loc":{"start":{"line":61,"column":2},"end":{"line":61,"column":null}},"type":"if","locations":[{"start":{"line":61,"column":2},"end":{"line":61,"column":null}},{"start":{},"end":{}}],"line":61},"8":{"loc":{"start":{"line":62,"column":2},"end":{"line":62,"column":null}},"type":"if","locations":[{"start":{"line":62,"column":2},"end":{"line":62,"column":null}},{"start":{},"end":{}}],"line":62},"9":{"loc":{"start":{"line":63,"column":2},"end":{"line":63,"column":null}},"type":"if","locations":[{"start":{"line":63,"column":2},"end":{"line":63,"column":null}},{"start":{},"end":{}}],"line":63},"10":{"loc":{"start":{"line":64,"column":2},"end":{"line":64,"column":null}},"type":"if","locations":[{"start":{"line":64,"column":2},"end":{"line":64,"column":null}},{"start":{},"end":{}}],"line":64},"11":{"loc":{"start":{"line":66,"column":2},"end":{"line":66,"column":null}},"type":"if","locations":[{"start":{"line":66,"column":2},"end":{"line":66,"column":null}},{"start":{},"end":{}}],"line":66},"12":{"loc":{"start":{"line":74,"column":10},"end":{"line":74,"column":null}},"type":"cond-expr","locations":[{"start":{"line":74,"column":18},"end":{"line":74,"column":57}},{"start":{"line":74,"column":57},"end":{"line":74,"column":null}}],"line":74},"13":{"loc":{"start":{"line":80,"column":6},"end":{"line":84,"column":null}},"type":"if","locations":[{"start":{"line":80,"column":6},"end":{"line":84,"column":null}},{"start":{},"end":{}}],"line":80},"14":{"loc":{"start":{"line":86,"column":6},"end":{"line":89,"column":null}},"type":"if","locations":[{"start":{"line":86,"column":6},"end":{"line":89,"column":null}},{"start":{},"end":{}}],"line":86},"15":{"loc":{"start":{"line":94,"column":8},"end":{"line":94,"column":null}},"type":"if","locations":[{"start":{"line":94,"column":8},"end":{"line":94,"column":null}},{"start":{},"end":{}}],"line":94},"16":{"loc":{"start":{"line":97,"column":14},"end":{"line":97,"column":null}},"type":"binary-expr","locations":[{"start":{"line":97,"column":14},"end":{"line":97,"column":29}},{"start":{"line":97,"column":29},"end":{"line":97,"column":null}}],"line":97},"17":{"loc":{"start":{"line":99,"column":10},"end":{"line":99,"column":null}},"type":"if","locations":[{"start":{"line":99,"column":10},"end":{"line":99,"column":null}},{"start":{},"end":{}}],"line":99},"18":{"loc":{"start":{"line":101,"column":10},"end":{"line":104,"column":null}},"type":"if","locations":[{"start":{"line":101,"column":10},"end":{"line":104,"column":null}},{"start":{},"end":{}}],"line":101},"19":{"loc":{"start":{"line":107,"column":12},"end":{"line":128,"column":null}},"type":"switch","locations":[{"start":{"line":108,"column":14},"end":{"line":110,"column":null}},{"start":{"line":111,"column":14},"end":{"line":113,"column":null}},{"start":{"line":114,"column":14},"end":{"line":116,"column":null}},{"start":{"line":117,"column":14},"end":{"line":120,"column":null}},{"start":{"line":121,"column":14},"end":{"line":124,"column":null}},{"start":{"line":125,"column":14},"end":{"line":127,"column":null}}],"line":107},"20":{"loc":{"start":{"line":109,"column":16},"end":{"line":109,"column":null}},"type":"if","locations":[{"start":{"line":109,"column":16},"end":{"line":109,"column":null}},{"start":{},"end":{}}],"line":109},"21":{"loc":{"start":{"line":112,"column":16},"end":{"line":112,"column":null}},"type":"if","locations":[{"start":{"line":112,"column":16},"end":{"line":112,"column":null}},{"start":{},"end":{}}],"line":112},"22":{"loc":{"start":{"line":115,"column":16},"end":{"line":115,"column":null}},"type":"if","locations":[{"start":{"line":115,"column":16},"end":{"line":115,"column":null}},{"start":{},"end":{}}],"line":115},"23":{"loc":{"start":{"line":119,"column":16},"end":{"line":119,"column":null}},"type":"if","locations":[{"start":{"line":119,"column":16},"end":{"line":119,"column":null}},{"start":{},"end":{}}],"line":119},"24":{"loc":{"start":{"line":123,"column":16},"end":{"line":123,"column":null}},"type":"if","locations":[{"start":{"line":123,"column":16},"end":{"line":123,"column":null}},{"start":{},"end":{}}],"line":123},"25":{"loc":{"start":{"line":136,"column":6},"end":{"line":138,"column":null}},"type":"if","locations":[{"start":{"line":136,"column":6},"end":{"line":138,"column":null}},{"start":{},"end":{}}],"line":136},"26":{"loc":{"start":{"line":137,"column":28},"end":{"line":137,"column":67}},"type":"cond-expr","locations":[{"start":{"line":137,"column":49},"end":{"line":137,"column":61}},{"start":{"line":137,"column":61},"end":{"line":137,"column":67}}],"line":137}},"s":{"0":2,"1":2,"2":1,"3":1,"4":2,"5":2,"6":1,"7":1,"8":12,"9":12,"10":12,"11":1,"12":12,"13":1,"14":12,"15":0,"16":12,"17":0,"18":12,"19":0,"20":12,"21":0,"22":12,"23":0,"24":12,"25":0,"26":12,"27":12,"28":12,"29":1,"30":0,"31":1,"32":1,"33":11,"34":12,"35":1,"36":1,"37":10,"38":10,"39":10,"40":17,"41":16,"42":1,"43":15,"44":15,"45":15,"46":17,"47":15,"48":0,"49":15,"50":15,"51":8,"52":8,"53":7,"54":7,"55":7,"56":2,"57":2,"58":2,"59":1,"60":1,"61":1,"62":1,"63":1,"64":1,"65":1,"66":1,"67":1,"68":1,"69":1,"70":1,"71":1,"72":1,"73":0,"74":0,"75":12,"76":2},"f":{"0":2,"1":2,"2":12,"3":12,"4":0,"5":0,"6":2},"b":{"0":[2,0],"1":[1,1],"2":[2,0],"3":[1,1],"4":[1,11],"5":[1,11],"6":[0,12],"7":[0,12],"8":[0,12],"9":[0,12],"10":[0,12],"11":[0,12],"12":[12,0],"13":[1,11],"14":[1,11],"15":[1,15],"16":[15,15],"17":[0,15],"18":[8,7],"19":[2,1,1,1,1,1],"20":[2,0],"21":[1,0],"22":[1,0],"23":[1,0],"24":[1,0],"25":[0,0],"26":[0,0]},"meta":{"lastBranch":27,"lastFunction":7,"lastStatement":77,"seen":{"f:13:22:13:67":0,"s:14:14:18:Infinity":0,"b:16:23:16:67:16:67:16:Infinity":0,"b:19:2:19:Infinity:undefined:undefined:undefined:undefined":1,"s:19:2:19:Infinity":1,"s:19:15:19:Infinity":2,"s:20:2:20:Infinity":3,"f:23:22:23:78":1,"s:24:14:28:Infinity":4,"b:26:23:26:67:26:67:26:Infinity":2,"b:29:2:29:Infinity:undefined:undefined:undefined:undefined":3,"s:29:2:29:Infinity":5,"s:29:15:29:Infinity":6,"s:30:2:30:Infinity":7,"f:46:16:46:Infinity":2,"s:52:8:52:Infinity":8,"s:53:40:56:Infinity":9,"b:58:2:58:Infinity:undefined:undefined:undefined:undefined":4,"s:58:2:58:Infinity":10,"s:58:25:58:Infinity":11,"b:59:2:59:Infinity:undefined:undefined:undefined:undefined":5,"s:59:2:59:Infinity":12,"s:59:31:59:Infinity":13,"b:60:2:60:Infinity:undefined:undefined:undefined:undefined":6,"s:60:2:60:Infinity":14,"s:60:21:60:Infinity":15,"b:61:2:61:Infinity:undefined:undefined:undefined:undefined":7,"s:61:2:61:Infinity":16,"s:61:36:61:Infinity":17,"b:62:2:62:Infinity:undefined:undefined:undefined:undefined":8,"s:62:2:62:Infinity":18,"s:62:35:62:Infinity":19,"b:63:2:63:Infinity:undefined:undefined:undefined:undefined":9,"s:63:2:63:Infinity":20,"s:63:37:63:Infinity":21,"b:64:2:64:Infinity:undefined:undefined:undefined:undefined":10,"s:64:2:64:Infinity":22,"s:64:34:64:Infinity":23,"b:66:2:66:Infinity:undefined:undefined:undefined:undefined":11,"s:66:2:66:Infinity":24,"s:66:30:66:Infinity":25,"s:68:21:68:Infinity":26,"s:70:2:139:Infinity":27,"b:74:18:74:57:74:57:74:Infinity":12,"f:79:10:79:17":3,"b:80:6:84:Infinity:undefined:undefined:undefined:undefined":13,"s:80:6:84:Infinity":28,"s:81:21:81:Infinity":29,"f:81:44:81:50":4,"s:81:50:81:64":30,"s:82:8:82:Infinity":31,"s:83:8:83:Infinity":32,"s:85:21:85:Infinity":33,"b:86:6:89:Infinity:undefined:undefined:undefined:undefined":14,"s:86:6:89:Infinity":34,"s:87:8:87:Infinity":35,"s:88:8:88:Infinity":36,"s:90:18:90:Infinity":37,"s:91:16:91:Infinity":38,"s:92:6:133:Infinity":39,"s:93:32:93:Infinity":40,"b:94:8:94:Infinity:undefined:undefined:undefined:undefined":15,"s:94:8:94:Infinity":41,"s:94:18:94:Infinity":42,"s:95:8:95:Infinity":43,"s:96:22:96:Infinity":44,"s:97:8:97:Infinity":45,"b:97:14:97:29:97:29:97:Infinity":16,"s:98:8:132:Infinity":46,"b:99:10:99:Infinity:undefined:undefined:undefined:undefined":17,"s:99:10:99:Infinity":47,"s:99:42:99:Infinity":48,"s:100:26:100:Infinity":49,"b:101:10:104:Infinity:undefined:undefined:undefined:undefined":18,"s:101:10:104:Infinity":50,"s:102:12:102:Infinity":51,"s:103:12:103:Infinity":52,"s:105:10:131:Infinity":53,"s:106:24:106:Infinity":54,"b:108:14:110:Infinity:111:14:113:Infinity:114:14:116:Infinity:117:14:120:Infinity:121:14:124:Infinity:125:14:127:Infinity":19,"s:107:12:128:Infinity":55,"b:109:16:109:Infinity:undefined:undefined:undefined:undefined":20,"s:109:16:109:Infinity":56,"s:109:31:109:Infinity":57,"s:110:16:110:Infinity":58,"b:112:16:112:Infinity:undefined:undefined:undefined:undefined":21,"s:112:16:112:Infinity":59,"s:112:30:112:Infinity":60,"s:113:16:113:Infinity":61,"b:115:16:115:Infinity:undefined:undefined:undefined:undefined":22,"s:115:16:115:Infinity":62,"s:115:50:115:Infinity":63,"s:116:16:116:Infinity":64,"b:119:16:119:Infinity:undefined:undefined:undefined:undefined":23,"s:119:16:119:Infinity":65,"s:119:30:119:Infinity":66,"s:120:16:120:Infinity":67,"b:123:16:123:Infinity:undefined:undefined:undefined:undefined":24,"s:123:16:123:Infinity":68,"s:123:30:123:Infinity":69,"s:124:16:124:Infinity":70,"s:126:16:126:Infinity":71,"s:127:16:127:Infinity":72,"f:135:11:135:12":5,"b:136:6:138:Infinity:undefined:undefined:undefined:undefined":25,"s:136:6:138:Infinity":73,"s:137:8:137:Infinity":74,"b:137:49:137:61:137:61:137:67":26,"s:141:2:141:Infinity":75,"f:141:9:141:15":6,"s:141:15:141:Infinity":76}}}
,"E:\\Super Fund\\enterprise_rag\\frontend_spa\\src\\stores\\auth-store.ts": {"path":"E:\\Super Fund\\enterprise_rag\\frontend_spa\\src\\stores\\auth-store.ts","statementMap":{"0":{"start":{"line":12,"column":13},"end":{"line":26,"column":null}},"1":{"start":{"line":14,"column":19},"end":{"line":23,"column":null}},"2":{"start":{"line":17,"column":34},"end":{"line":17,"column":null}},"3":{"start":{"line":19,"column":8},"end":{"line":19,"column":null}},"4":{"start":{"line":20,"column":8},"end":{"line":20,"column":null}},"5":{"start":{"line":22,"column":29},"end":{"line":22,"column":null}}},"fnMap":{"0":{"name":"(anonymous_0)","decl":{"start":{"line":14,"column":4},"end":{"line":14,"column":5}},"loc":{"start":{"line":14,"column":19},"end":{"line":23,"column":null}},"line":14},"1":{"name":"(anonymous_1)","decl":{"start":{"line":17,"column":13},"end":{"line":17,"column":14}},"loc":{"start":{"line":17,"column":34},"end":{"line":17,"column":null}},"line":17},"2":{"name":"(anonymous_2)","decl":{"start":{"line":18,"column":14},"end":{"line":18,"column":20}},"loc":{"start":{"line":18,"column":20},"end":{"line":21,"column":null}},"line":18},"3":{"name":"(anonymous_3)","decl":{"start":{"line":22,"column":23},"end":{"line":22,"column":29}},"loc":{"start":{"line":22,"column":29},"end":{"line":22,"column":null}},"line":22}},"branchMap":{},"s":{"0":1,"1":1,"2":2,"3":2,"4":2,"5":4},"f":{"0":1,"1":2,"2":2,"3":4},"b":{},"meta":{"lastBranch":0,"lastFunction":4,"lastStatement":6,"seen":{"s:12:13:26:Infinity":0,"f:14:4:14:5":0,"s:14:19:23:Infinity":1,"f:17:13:17:14":1,"s:17:34:17:Infinity":2,"f:18:14:18:20":2,"s:19:8:19:Infinity":3,"s:20:8:20:Infinity":4,"f:22:23:22:29":3,"s:22:29:22:Infinity":5}}}
,"E:\\Super Fund\\enterprise_rag\\frontend_spa\\src\\stores\\qa-store.ts": {"path":"E:\\Super Fund\\enterprise_rag\\frontend_spa\\src\\stores\\qa-store.ts","statementMap":{"0":{"start":{"line":58,"column":13},"end":{"line":179,"column":null}},"1":{"start":{"line":58,"column":59},"end":{"line":179,"column":2}},"2":{"start":{"line":70,"column":15},"end":{"line":70,"column":null}},"3":{"start":{"line":71,"column":4},"end":{"line":83,"column":null}},"4":{"start":{"line":71,"column":20},"end":{"line":83,"column":6}},"5":{"start":{"line":84,"column":4},"end":{"line":84,"column":null}},"6":{"start":{"line":88,"column":4},"end":{"line":90,"column":null}},"7":{"start":{"line":88,"column":20},"end":{"line":90,"column":6}},"8":{"start":{"line":94,"column":4},"end":{"line":94,"column":null}},"9":{"start":{"line":98,"column":4},"end":{"line":98,"column":null}},"10":{"start":{"line":102,"column":4},"end":{"line":102,"column":null}},"11":{"start":{"line":106,"column":4},"end":{"line":106,"column":null}},"12":{"start":{"line":110,"column":18},"end":{"line":110,"column":null}},"13":{"start":{"line":111,"column":19},"end":{"line":111,"column":null}},"14":{"start":{"line":113,"column":4},"end":{"line":147,"column":null}},"15":{"start":{"line":115,"column":38},"end":{"line":120,"column":null}},"16":{"start":{"line":121,"column":6},"end":{"line":126,"column":null}},"17":{"start":{"line":121,"column":22},"end":{"line":126,"column":8}},"18":{"start":{"line":127,"column":4},"end":{"line":147,"column":null}},"19":{"start":{"line":129,"column":40},"end":{"line":136,"column":null}},"20":{"start":{"line":137,"column":6},"end":{"line":144,"column":null}},"21":{"start":{"line":137,"column":22},"end":{"line":144,"column":8}},"22":{"start":{"line":146,"column":6},"end":{"line":146,"column":null}},"23":{"start":{"line":151,"column":4},"end":{"line":155,"column":null}},"24":{"start":{"line":151,"column":20},"end":{"line":155,"column":6}},"25":{"start":{"line":153,"column":8},"end":{"line":153,"column":null}},"26":{"start":{"line":159,"column":4},"end":{"line":159,"column":null}},"27":{"start":{"line":163,"column":4},"end":{"line":163,"column":null}},"28":{"start":{"line":167,"column":4},"end":{"line":177,"column":null}}},"fnMap":{"0":{"name":"(anonymous_0)","decl":{"start":{"line":58,"column":44},"end":{"line":58,"column":45}},"loc":{"start":{"line":58,"column":59},"end":{"line":179,"column":2}},"line":58},"1":{"name":"(anonymous_1)","decl":{"start":{"line":69,"column":18},"end":{"line":69,"column":19}},"loc":{"start":{"line":69,"column":39},"end":{"line":85,"column":null}},"line":69},"2":{"name":"(anonymous_2)","decl":{"start":{"line":71,"column":8},"end":{"line":71,"column":9}},"loc":{"start":{"line":71,"column":20},"end":{"line":83,"column":6}},"line":71},"3":{"name":"(anonymous_3)","decl":{"start":{"line":87,"column":16},"end":{"line":87,"column":17}},"loc":{"start":{"line":87,"column":35},"end":{"line":91,"column":null}},"line":87},"4":{"name":"(anonymous_4)","decl":{"start":{"line":88,"column":8},"end":{"line":88,"column":9}},"loc":{"start":{"line":88,"column":20},"end":{"line":90,"column":6}},"line":88},"5":{"name":"(anonymous_5)","decl":{"start":{"line":93,"column":16},"end":{"line":93,"column":17}},"loc":{"start":{"line":93,"column":43},"end":{"line":95,"column":null}},"line":93},"6":{"name":"(anonymous_6)","decl":{"start":{"line":97,"column":21},"end":{"line":97,"column":22}},"loc":{"start":{"line":97,"column":37},"end":{"line":99,"column":null}},"line":97},"7":{"name":"(anonymous_7)","decl":{"start":{"line":101,"column":19},"end":{"line":101,"column":20}},"loc":{"start":{"line":101,"column":46},"end":{"line":103,"column":null}},"line":101},"8":{"name":"(anonymous_8)","decl":{"start":{"line":105,"column":14},"end":{"line":105,"column":15}},"loc":{"start":{"line":105,"column":37},"end":{"line":107,"column":null}},"line":105},"9":{"name":"(anonymous_9)","decl":{"start":{"line":109,"column":18},"end":{"line":109,"column":24}},"loc":{"start":{"line":109,"column":24},"end":{"line":148,"column":null}},"line":109},"10":{"name":"(anonymous_10)","decl":{"start":{"line":121,"column":10},"end":{"line":121,"column":11}},"loc":{"start":{"line":121,"column":22},"end":{"line":126,"column":8}},"line":121},"11":{"name":"(anonymous_11)","decl":{"start":{"line":137,"column":10},"end":{"line":137,"column":11}},"loc":{"start":{"line":137,"column":22},"end":{"line":144,"column":8}},"line":137},"12":{"name":"(anonymous_12)","decl":{"start":{"line":150,"column":15},"end":{"line":150,"column":16}},"loc":{"start":{"line":150,"column":77},"end":{"line":156,"column":null}},"line":150},"13":{"name":"(anonymous_13)","decl":{"start":{"line":151,"column":8},"end":{"line":151,"column":9}},"loc":{"start":{"line":151,"column":20},"end":{"line":155,"column":6}},"line":151},"14":{"name":"(anonymous_14)","decl":{"start":{"line":152,"column":35},"end":{"line":152,"column":36}},"loc":{"start":{"line":153,"column":8},"end":{"line":153,"column":null}},"line":153},"15":{"name":"(anonymous_15)","decl":{"start":{"line":158,"column":12},"end":{"line":158,"column":13}},"loc":{"start":{"line":158,"column":38},"end":{"line":160,"column":null}},"line":158},"16":{"name":"(anonymous_16)","decl":{"start":{"line":162,"column":16},"end":{"line":162,"column":17}},"loc":{"start":{"line":162,"column":40},"end":{"line":164,"column":null}},"line":162},"17":{"name":"(anonymous_17)","decl":{"start":{"line":166,"column":13},"end":{"line":166,"column":19}},"loc":{"start":{"line":166,"column":19},"end":{"line":178,"column":null}},"line":166}},"branchMap":{"0":{"loc":{"start":{"line":113,"column":4},"end":{"line":147,"column":null}},"type":"if","locations":[{"start":{"line":113,"column":4},"end":{"line":147,"column":null}},{"start":{"line":127,"column":4},"end":{"line":147,"column":null}}],"line":113},"1":{"loc":{"start":{"line":127,"column":4},"end":{"line":147,"column":null}},"type":"if","locations":[{"start":{"line":127,"column":4},"end":{"line":147,"column":null}},{"start":{"line":145,"column":11},"end":{"line":147,"column":null}}],"line":127},"2":{"loc":{"start":{"line":135,"column":22},"end":{"line":135,"column":null}},"type":"binary-expr","locations":[{"start":{"line":135,"column":22},"end":{"line":135,"column":51}},{"start":{"line":135,"column":51},"end":{"line":135,"column":null}}],"line":135},"3":{"loc":{"start":{"line":153,"column":8},"end":{"line":153,"column":null}},"type":"cond-expr","locations":[{"start":{"line":153,"column":31},"end":{"line":153,"column":54}},{"start":{"line":153,"column":54},"end":{"line":153,"column":null}}],"line":153}},"s":{"0":1,"1":1,"2":13,"3":13,"4":13,"5":13,"6":7,"7":7,"8":3,"9":2,"10":4,"11":2,"12":5,"13":5,"14":5,"15":1,"16":1,"17":1,"18":4,"19":3,"20":3,"21":3,"22":1,"23":6,"24":6,"25":6,"26":4,"27":2,"28":2},"f":{"0":1,"1":13,"2":13,"3":7,"4":7,"5":3,"6":2,"7":4,"8":2,"9":5,"10":1,"11":3,"12":6,"13":6,"14":6,"15":4,"16":2,"17":2},"b":{"0":[1,4],"1":[3,1],"2":[3,2],"3":[5,1]},"meta":{"lastBranch":4,"lastFunction":18,"lastStatement":29,"seen":{"s:58:13:179:Infinity":0,"f:58:44:58:45":0,"s:58:59:179:2":1,"f:69:18:69:19":1,"s:70:15:70:Infinity":2,"s:71:4:83:Infinity":3,"f:71:8:71:9":2,"s:71:20:83:6":4,"s:84:4:84:Infinity":5,"f:87:16:87:17":3,"s:88:4:90:Infinity":6,"f:88:8:88:9":4,"s:88:20:90:6":7,"f:93:16:93:17":5,"s:94:4:94:Infinity":8,"f:97:21:97:22":6,"s:98:4:98:Infinity":9,"f:101:19:101:20":7,"s:102:4:102:Infinity":10,"f:105:14:105:15":8,"s:106:4:106:Infinity":11,"f:109:18:109:24":9,"s:110:18:110:Infinity":12,"s:111:19:111:Infinity":13,"b:113:4:147:Infinity:127:4:147:Infinity":0,"s:113:4:147:Infinity":14,"s:115:38:120:Infinity":15,"s:121:6:126:Infinity":16,"f:121:10:121:11":10,"s:121:22:126:8":17,"b:127:4:147:Infinity:145:11:147:Infinity":1,"s:127:4:147:Infinity":18,"s:129:40:136:Infinity":19,"b:135:22:135:51:135:51:135:Infinity":2,"s:137:6:144:Infinity":20,"f:137:10:137:11":11,"s:137:22:144:8":21,"s:146:6:146:Infinity":22,"f:150:15:150:16":12,"s:151:4:155:Infinity":23,"f:151:8:151:9":13,"s:151:20:155:6":24,"f:152:35:152:36":14,"s:153:8:153:Infinity":25,"b:153:31:153:54:153:54:153:Infinity":3,"f:158:12:158:13":15,"s:159:4:159:Infinity":26,"f:162:16:162:17":16,"s:163:4:163:Infinity":27,"f:166:13:166:19":17,"s:167:4:177:Infinity":28}}}
}
